<?xml version="1.0" encoding="UTF-8"?>
<testng-results ignored="0" total="1" passed="1" failed="0" skipped="0">
  <reporter-output>
  </reporter-output>
  <suite started-at="2021-09-10T22:14:15Z" name="Suite" finished-at="2021-09-10T22:14:28Z" duration-ms="13167">
    <groups>
    </groups>
    <test started-at="2021-09-10T22:14:15Z" name="Test" finished-at="2021-09-10T22:14:28Z" duration-ms="13167">
      <class name="testcases.ItemOrder">
        <test-method is-config="true" signature="setUp()[pri:0, instance:testcases.ItemOrder@1fc32e4f]" started-at="2021-09-10T16:14:10Z" name="setUp" finished-at="2021-09-10T16:14:15Z" duration-ms="5538" status="PASS">
          <reporter-output>
          </reporter-output>
        </test-method> <!-- setUp -->
        <test-method signature="ecotrakLoginTest()[pri:0, instance:testcases.ItemOrder@1fc32e4f]" started-at="2021-09-10T16:14:15Z" name="ecotrakLoginTest" finished-at="2021-09-10T16:14:28Z" duration-ms="13137" status="PASS">
          <reporter-output>
          </reporter-output>
        </test-method> <!-- ecotrakLoginTest -->
        <test-method is-config="true" signature="tearDown()[pri:0, instance:testcases.ItemOrder@1fc32e4f]" started-at="2021-09-10T16:14:28Z" name="tearDown" finished-at="2021-09-10T16:14:29Z" duration-ms="723" status="PASS">
          <reporter-output>
          </reporter-output>
        </test-method> <!-- tearDown -->
      </class> <!-- testcases.ItemOrder -->
    </test> <!-- Test -->
  </suite> <!-- Suite -->
</testng-results>
